<?xml version="1.0" encoding="UTF-8"?>
<robot generator="Robot 6.1.1 (Python 3.11.1 on win32)" generated="20230924 17:28:05.084" rpa="false" schemaversion="4">
<suite id="s1" name="Pierwszyrobot" source="E:\Studia WSB - Tester oprogramowania\23.09 - 24.09\Selenium\pierwszyrobot.robot">
<test id="s1-t1" name="Log in Wikipedia" line="14">
<kw name="Open Browser">
<arg>https://pl.wikipedia.org</arg>
<arg>chrome</arg>
<msg timestamp="20230924 17:28:05.097" level="FAIL">No keyword with name 'Open Browser' found.</msg>
<status status="FAIL" starttime="20230924 17:28:05.097" endtime="20230924 17:28:05.097"/>
</kw>
<kw name="Run Keyword And Ignore Error" library="BuiltIn">
<arg>Click Element</arg>
<arg>id:nieistniejace</arg>
<doc>Runs the given keyword with the given arguments and ignores possible error.</doc>
<status status="NOT RUN" starttime="20230924 17:28:05.097" endtime="20230924 17:28:05.097"/>
</kw>
<kw name="Wait Until Element Is Visible">
<arg>id:pt-login-2</arg>
<arg>5</arg>
<status status="NOT RUN" starttime="20230924 17:28:05.098" endtime="20230924 17:28:05.098"/>
</kw>
<kw name="Click Element">
<arg>id:pt-login-2</arg>
<status status="NOT RUN" starttime="20230924 17:28:05.098" endtime="20230924 17:28:05.098"/>
</kw>
<kw name="Input Text">
<arg>id:wpName1</arg>
<arg>RobotTests</arg>
<status status="NOT RUN" starttime="20230924 17:28:05.099" endtime="20230924 17:28:05.099"/>
</kw>
<kw name="Input Password">
<arg>id:wpPassword1</arg>
<arg>RobotFramework</arg>
<status status="NOT RUN" starttime="20230924 17:28:05.099" endtime="20230924 17:28:05.099"/>
</kw>
<kw name="Click Button">
<arg>id:wpLoginAttempt</arg>
<status status="NOT RUN" starttime="20230924 17:28:05.100" endtime="20230924 17:28:05.100"/>
</kw>
<kw name="Capture Page Screenshot">
<status status="NOT RUN" starttime="20230924 17:28:05.100" endtime="20230924 17:28:05.100"/>
</kw>
<status status="FAIL" starttime="20230924 17:28:05.096" endtime="20230924 17:28:05.100">No keyword with name 'Open Browser' found.</status>
</test>
<status status="FAIL" starttime="20230924 17:28:05.084" endtime="20230924 17:28:05.101"/>
</suite>
<statistics>
<total>
<stat pass="0" fail="1" skip="0">All Tests</stat>
</total>
<tag>
</tag>
<suite>
<stat pass="0" fail="1" skip="0" id="s1" name="Pierwszyrobot">Pierwszyrobot</stat>
</suite>
</statistics>
<errors>
<msg timestamp="20230924 17:28:05.095" level="ERROR">Error in file 'E:\Studia WSB - Tester oprogramowania\23.09 - 24.09\Selenium\pierwszyrobot.robot' on line 2: Importing library 'SeleniumLibrary' failed: ModuleNotFoundError: No module named 'robotlibcore'
Traceback (most recent call last):
  File "C:\Python311\Lib\site-packages\SeleniumLibrary\__init__.py", line 27, in &lt;module&gt;
    from robotlibcore import DynamicCore
PYTHONPATH:
  C:\Python311\Scripts\robot.exe
  C:\Python311\python311.zip
  C:\Python311\Lib
  C:\Python311\DLLs
  C:\Python311
  C:\Python311\Lib\site-packages</msg>
</errors>
</robot>
